This is pdfTeX, Version 3.14159265-2.6-1.40.21 (MiKTeX 20.6.29) (preloaded format=pdflatex 2020.9.6)  6 SEP 2020 21:41
entering extended mode
**&pdflatex prv_BlockStructures.ini \nonstopmode\nofiles\PassOptionsToPackage{a
ctive,tightpage,auctex}{preview}\AtBeginDocument{\ifx\ifPreview\undefined\Requi
rePackage[displaymath,floats,graphics,textmath,sections,footnotes]{preview}[200
4/11/05]\fi} \input \detokenize{ BlockStructures.tex }
(prv_BlockStructures.ini
LaTeX2e <2020-02-02> patch level 5
L3 programming layer <2020-06-18>
("C:\Program Files\MiKTeX\tex/latex/carlisle\mylatex.ltx"))
("C:\Program Files\MiKTeX\tex/latex/tools\.tex" File ignored)
No auxiliary output files.

(BlockStructures.tex ("C:\Program Files\MiKTeX\tex/latex/base\article.cls"
Document Class: article 2019/12/20 v1.4l Standard LaTeX document class
("C:\Program Files\MiKTeX\tex/latex/base\size12.clo"
File: size12.clo 2019/12/20 v1.4l Standard LaTeX file (size option)
)
\c@part=\count167
\c@section=\count168
\c@subsection=\count169
\c@subsubsection=\count170
\c@paragraph=\count171
\c@subparagraph=\count172
\c@figure=\count173
\c@table=\count174
\abovecaptionskip=\skip47
\belowcaptionskip=\skip48
\bibindent=\dimen134
)
("C:\Program Files\MiKTeX\tex/latex/tree-dvips\lingmacros.sty"
\c@enums=\count175
\widelabel=\dimen135
\c@tempcnt=\count176
\c@enumsi=\count177
\eeindent=\dimen136
)
("C:\Program Files\MiKTeX\tex/latex/tree-dvips\tree-dvips.sty"
tree-dvips version .91 of May 16, 1995
\nodemargin=\dimen137
\treelinewidth=\dimen138
\dashlength=\dimen139
\arrowwidth=\dimen140
\arrowlength=\dimen141
\arrowinset=\dimen142
\pos@t=\toks15
\pos@b=\toks16
\pos@l=\toks17
\pos@r=\toks18
\pos@tl=\toks19
\pos@tr=\toks20
\pos@bl=\toks21
\pos@br=\toks22
\@arrow=\count178
\@tempdimc=\dimen143
)
LaTeX Font Info:    External font `cmex10' loaded for size
(Font)              <12> on input line 4.
LaTeX Font Info:    External font `cmex10' loaded for size
(Font)              <8> on input line 4.
LaTeX Font Info:    External font `cmex10' loaded for size
(Font)              <6> on input line 4.
 )
Beginning to dump on file prv_BlockStructures.fmt
 (preloaded format=prv_BlockStructures 2020.9.6)
19848 strings of total length 347668
238128 memory locations dumped; current usage is 238&235833
16454 multiletter control sequences
\font\nullfont=nullfont
\font\OMX/cmex/m/n/6=cmex10
\font\tenln=line10
\font\tenlnw=linew10
\font\tencirc=lcircle10
\font\tencircw=lcirclew10
\font\OT1/cmr/m/n/5=cmr5
\font\OT1/cmr/m/n/7=cmr7
\font\OT1/cmr/m/n/10=cmr10
\font\OML/cmm/m/it/5=cmmi5
\font\OML/cmm/m/it/7=cmmi7
\font\OML/cmm/m/it/10=cmmi10
\font\OMS/cmsy/m/n/5=cmsy5
\font\OMS/cmsy/m/n/7=cmsy7
\font\OMS/cmsy/m/n/10=cmsy10
\font\c__fp_exp_intarray=cmr10 at 0.00002pt
\font\c__fp_trig_intarray=cmr10 at 0.00003pt
\font\g__regex_charcode_intarray=cmr10 at 0.00005pt
\font\g__regex_catcode_intarray=cmr10 at 0.00006pt
\font\g__regex_balance_intarray=cmr10 at 0.00008pt
\font\g__regex_state_active_intarray=cmr10 at 0.00009pt
\font\g__regex_thread_state_intarray=cmr10 at 0.0001pt
\font\g__regex_submatch_prev_intarray=cmr10 at 0.00012pt
\font\g__regex_submatch_begin_intarray=cmr10 at 0.00014pt
\font\g__regex_submatch_end_intarray=cmr10 at 0.00015pt
\font\OT1/cmr/m/n/12=cmr12
\font\OT1/cmr/m/n/8=cmr8
\font\OT1/cmr/m/n/6=cmr6
\font\OML/cmm/m/it/12=cmmi12
\font\OML/cmm/m/it/8=cmmi8
\font\OML/cmm/m/it/6=cmmi6
\font\OMS/cmsy/m/n/12=cmsy10 at 12.0pt
\font\OMS/cmsy/m/n/8=cmsy8
\font\OMS/cmsy/m/n/6=cmsy6
\font\OT1/cmr/m/n/14.4=cmr12 at 14.4pt
\font\OT1/cmr/bx/n/12=cmbx12
\font\OT1/cmr/bx/it/12=cmbxti10 at 12.0pt
\font\OT1/cmr/m/it/12=cmti12
\font\OT1/cmtt/m/n/12=cmtt12
\font\OT1/cmss/m/n/12=cmss12
536854 words of font info for 39 preloaded fonts
1141 hyphenation exceptions
Hyphenation trie of length 328466 has 7798 ops out of 35111
  143 for language 77
  377 for language 76
  110 for language 75
  138 for language 74
  224 for language 73
  7 for language 72
  12 for language 71
  53 for language 70
  460 for language 67
  127 for language 66
  195 for language 65
  71 for language 64
  248 for language 63
  62 for language 62
  66 for language 61
  119 for language 59
  43 for language 58
  58 for language 57
  7 for language 56
  194 for language 55
  37 for language 54
  23 for language 50
  852 for language 49
  235 for language 48
  18 for language 47
  21 for language 46
  38 for language 45
  206 for language 41
  77 for language 40
  58 for language 39
  25 for language 38
  27 for language 37
  37 for language 35
  229 for language 34
  38 for language 33
  21 for language 32
  147 for language 31
  185 for language 30
  50 for language 27
  207 for language 26
  39 for language 25
  76 for language 24
  40 for language 23
  89 for language 22
  31 for language 21
  113 for language 19
  145 for language 18
  265 for language 17
  60 for language 16
  63 for language 15
  19 for language 14
  14 for language 13
  216 for language 12
  21 for language 10
  54 for language 9
  852 for language 8
  36 for language 6
  5 for language 5
  97 for language 2
  137 for language 1
  181 for language 0
0 words of pdfTeX memory
0 indirect objects
No pages of output.
PDF statistics:
 0 PDF objects out of 1000 (max. 8388607)
 0 named destinations out of 1000 (max. 500000)
 1 words of extra memory for PDF output out of 10000 (max. 10000000)

